<component name="libraryTable">
  <library name="junit" type="repository">
    <properties maven-id="junit:junit:3.8" />
    <CLASSES>
      <root url="jar://$MAVEN_REPOSITORY$/junit/junit/3.8/junit-3.8.jar!/" />
    </CLASSES>
    <JAVADOC />
    <SOURCES />
  </library>
</component>